Created by PLY version 3.11 (http://www.dabeaz.com/ply)

Unused terminals:

    COMA
    INHERITS
    INTEGER
    PAR_A
    PAR_C
    TABLE

Grammar

Rule 0     S' -> init
Rule 1     init -> instrucciones
Rule 2     instrucciones -> instrucciones instruccion
Rule 3     instrucciones -> instruccion
Rule 4     instruccion -> createDB_insrt
Rule 5     createDB_insrt -> CREATE DATABASE ID PTCOMA
Rule 6     createDB_insrt -> CREATE OR REPLACE DATABASE ID PTCOMA
Rule 7     createDB_insrt -> CREATE DATABASE IF NOT EXISTS ID PTCOMA
Rule 8     createDB_insrt -> CREATE OR REPLACE DATABASE IF NOT EXISTS ID PTCOMA
Rule 9     createDB_insrt -> CREATE DATABASE ID createDB_unParam PTCOMA
Rule 10    createDB_insrt -> CREATE OR REPLACE DATABASE ID createDB_unParam PTCOMA
Rule 11    createDB_insrt -> CREATE DATABASE IF NOT EXISTS ID createDB_unParam PTCOMA
Rule 12    createDB_insrt -> CREATE OR REPLACE DATABASE IF NOT EXISTS ID createDB_unParam PTCOMA
Rule 13    createDB_unParam -> OWNER ID
Rule 14    createDB_unParam -> OWNER IGUAL ID
Rule 15    createDB_unParam -> MODE ENTERO
Rule 16    createDB_unParam -> MODE IGUAL ENTERO
Rule 17    createDB_insrt -> CREATE DATABASE ID createDB_dosParam PTCOMA
Rule 18    createDB_insrt -> CREATE OR REPLACE DATABASE ID createDB_dosParam PTCOMA
Rule 19    createDB_insrt -> CREATE DATABASE IF NOT EXISTS ID createDB_dosParam PTCOMA
Rule 20    createDB_insrt -> CREATE OR REPLACE DATABASE IF NOT EXISTS ID createDB_dosParam PTCOMA
Rule 21    createDB_dosParam -> OWNER ID MODE ENTERO
Rule 22    createDB_dosParam -> OWNER ID MODE IGUAL ENTERO
Rule 23    createDB_dosParam -> OWNER IGUAL ID MODE ENTERO
Rule 24    createDB_dosParam -> OWNER IGUAL ID MODE IGUAL ENTERO
Rule 25    createDB_dosParam -> MODE ENTERO OWNER ID
Rule 26    createDB_dosParam -> MODE ENTERO OWNER IGUAL ID
Rule 27    createDB_dosParam -> MODE IGUAL ENTERO OWNER ID
Rule 28    createDB_dosParam -> MODE IGUAL ENTERO OWNER IGUAL ID

Terminals, with rules where they appear

COMA                 : 
CREATE               : 5 6 7 8 9 10 11 12 17 18 19 20
DATABASE             : 5 6 7 8 9 10 11 12 17 18 19 20
ENTERO               : 15 16 21 22 23 24 25 26 27 28
EXISTS               : 7 8 11 12 19 20
ID                   : 5 6 7 8 9 10 11 12 13 14 17 18 19 20 21 22 23 24 25 26 27 28
IF                   : 7 8 11 12 19 20
IGUAL                : 14 16 22 23 24 24 26 27 28 28
INHERITS             : 
INTEGER              : 
MODE                 : 15 16 21 22 23 24 25 26 27 28
NOT                  : 7 8 11 12 19 20
OR                   : 6 8 10 12 18 20
OWNER                : 13 14 21 22 23 24 25 26 27 28
PAR_A                : 
PAR_C                : 
PTCOMA               : 5 6 7 8 9 10 11 12 17 18 19 20
REPLACE              : 6 8 10 12 18 20
TABLE                : 
error                : 

Nonterminals, with rules where they appear

createDB_dosParam    : 17 18 19 20
createDB_insrt       : 4
createDB_unParam     : 9 10 11 12
init                 : 0
instruccion          : 2 3
instrucciones        : 1 2

Parsing method: LALR

state 0

    (0) S' -> . init
    (1) init -> . instrucciones
    (2) instrucciones -> . instrucciones instruccion
    (3) instrucciones -> . instruccion
    (4) instruccion -> . createDB_insrt
    (5) createDB_insrt -> . CREATE DATABASE ID PTCOMA
    (6) createDB_insrt -> . CREATE OR REPLACE DATABASE ID PTCOMA
    (7) createDB_insrt -> . CREATE DATABASE IF NOT EXISTS ID PTCOMA
    (8) createDB_insrt -> . CREATE OR REPLACE DATABASE IF NOT EXISTS ID PTCOMA
    (9) createDB_insrt -> . CREATE DATABASE ID createDB_unParam PTCOMA
    (10) createDB_insrt -> . CREATE OR REPLACE DATABASE ID createDB_unParam PTCOMA
    (11) createDB_insrt -> . CREATE DATABASE IF NOT EXISTS ID createDB_unParam PTCOMA
    (12) createDB_insrt -> . CREATE OR REPLACE DATABASE IF NOT EXISTS ID createDB_unParam PTCOMA
    (17) createDB_insrt -> . CREATE DATABASE ID createDB_dosParam PTCOMA
    (18) createDB_insrt -> . CREATE OR REPLACE DATABASE ID createDB_dosParam PTCOMA
    (19) createDB_insrt -> . CREATE DATABASE IF NOT EXISTS ID createDB_dosParam PTCOMA
    (20) createDB_insrt -> . CREATE OR REPLACE DATABASE IF NOT EXISTS ID createDB_dosParam PTCOMA

    CREATE          shift and go to state 5

    init                           shift and go to state 1
    instrucciones                  shift and go to state 2
    instruccion                    shift and go to state 3
    createDB_insrt                 shift and go to state 4

state 1

    (0) S' -> init .



state 2

    (1) init -> instrucciones .
    (2) instrucciones -> instrucciones . instruccion
    (4) instruccion -> . createDB_insrt
    (5) createDB_insrt -> . CREATE DATABASE ID PTCOMA
    (6) createDB_insrt -> . CREATE OR REPLACE DATABASE ID PTCOMA
    (7) createDB_insrt -> . CREATE DATABASE IF NOT EXISTS ID PTCOMA
    (8) createDB_insrt -> . CREATE OR REPLACE DATABASE IF NOT EXISTS ID PTCOMA
    (9) createDB_insrt -> . CREATE DATABASE ID createDB_unParam PTCOMA
    (10) createDB_insrt -> . CREATE OR REPLACE DATABASE ID createDB_unParam PTCOMA
    (11) createDB_insrt -> . CREATE DATABASE IF NOT EXISTS ID createDB_unParam PTCOMA
    (12) createDB_insrt -> . CREATE OR REPLACE DATABASE IF NOT EXISTS ID createDB_unParam PTCOMA
    (17) createDB_insrt -> . CREATE DATABASE ID createDB_dosParam PTCOMA
    (18) createDB_insrt -> . CREATE OR REPLACE DATABASE ID createDB_dosParam PTCOMA
    (19) createDB_insrt -> . CREATE DATABASE IF NOT EXISTS ID createDB_dosParam PTCOMA
    (20) createDB_insrt -> . CREATE OR REPLACE DATABASE IF NOT EXISTS ID createDB_dosParam PTCOMA

    $end            reduce using rule 1 (init -> instrucciones .)
    CREATE          shift and go to state 5

    instruccion                    shift and go to state 6
    createDB_insrt                 shift and go to state 4

state 3

    (3) instrucciones -> instruccion .

    CREATE          reduce using rule 3 (instrucciones -> instruccion .)
    $end            reduce using rule 3 (instrucciones -> instruccion .)


state 4

    (4) instruccion -> createDB_insrt .

    CREATE          reduce using rule 4 (instruccion -> createDB_insrt .)
    $end            reduce using rule 4 (instruccion -> createDB_insrt .)


state 5

    (5) createDB_insrt -> CREATE . DATABASE ID PTCOMA
    (6) createDB_insrt -> CREATE . OR REPLACE DATABASE ID PTCOMA
    (7) createDB_insrt -> CREATE . DATABASE IF NOT EXISTS ID PTCOMA
    (8) createDB_insrt -> CREATE . OR REPLACE DATABASE IF NOT EXISTS ID PTCOMA
    (9) createDB_insrt -> CREATE . DATABASE ID createDB_unParam PTCOMA
    (10) createDB_insrt -> CREATE . OR REPLACE DATABASE ID createDB_unParam PTCOMA
    (11) createDB_insrt -> CREATE . DATABASE IF NOT EXISTS ID createDB_unParam PTCOMA
    (12) createDB_insrt -> CREATE . OR REPLACE DATABASE IF NOT EXISTS ID createDB_unParam PTCOMA
    (17) createDB_insrt -> CREATE . DATABASE ID createDB_dosParam PTCOMA
    (18) createDB_insrt -> CREATE . OR REPLACE DATABASE ID createDB_dosParam PTCOMA
    (19) createDB_insrt -> CREATE . DATABASE IF NOT EXISTS ID createDB_dosParam PTCOMA
    (20) createDB_insrt -> CREATE . OR REPLACE DATABASE IF NOT EXISTS ID createDB_dosParam PTCOMA

    DATABASE        shift and go to state 7
    OR              shift and go to state 8


state 6

    (2) instrucciones -> instrucciones instruccion .

    CREATE          reduce using rule 2 (instrucciones -> instrucciones instruccion .)
    $end            reduce using rule 2 (instrucciones -> instrucciones instruccion .)


state 7

    (5) createDB_insrt -> CREATE DATABASE . ID PTCOMA
    (7) createDB_insrt -> CREATE DATABASE . IF NOT EXISTS ID PTCOMA
    (9) createDB_insrt -> CREATE DATABASE . ID createDB_unParam PTCOMA
    (11) createDB_insrt -> CREATE DATABASE . IF NOT EXISTS ID createDB_unParam PTCOMA
    (17) createDB_insrt -> CREATE DATABASE . ID createDB_dosParam PTCOMA
    (19) createDB_insrt -> CREATE DATABASE . IF NOT EXISTS ID createDB_dosParam PTCOMA

    ID              shift and go to state 9
    IF              shift and go to state 10


state 8

    (6) createDB_insrt -> CREATE OR . REPLACE DATABASE ID PTCOMA
    (8) createDB_insrt -> CREATE OR . REPLACE DATABASE IF NOT EXISTS ID PTCOMA
    (10) createDB_insrt -> CREATE OR . REPLACE DATABASE ID createDB_unParam PTCOMA
    (12) createDB_insrt -> CREATE OR . REPLACE DATABASE IF NOT EXISTS ID createDB_unParam PTCOMA
    (18) createDB_insrt -> CREATE OR . REPLACE DATABASE ID createDB_dosParam PTCOMA
    (20) createDB_insrt -> CREATE OR . REPLACE DATABASE IF NOT EXISTS ID createDB_dosParam PTCOMA

    REPLACE         shift and go to state 11


state 9

    (5) createDB_insrt -> CREATE DATABASE ID . PTCOMA
    (9) createDB_insrt -> CREATE DATABASE ID . createDB_unParam PTCOMA
    (17) createDB_insrt -> CREATE DATABASE ID . createDB_dosParam PTCOMA
    (13) createDB_unParam -> . OWNER ID
    (14) createDB_unParam -> . OWNER IGUAL ID
    (15) createDB_unParam -> . MODE ENTERO
    (16) createDB_unParam -> . MODE IGUAL ENTERO
    (21) createDB_dosParam -> . OWNER ID MODE ENTERO
    (22) createDB_dosParam -> . OWNER ID MODE IGUAL ENTERO
    (23) createDB_dosParam -> . OWNER IGUAL ID MODE ENTERO
    (24) createDB_dosParam -> . OWNER IGUAL ID MODE IGUAL ENTERO
    (25) createDB_dosParam -> . MODE ENTERO OWNER ID
    (26) createDB_dosParam -> . MODE ENTERO OWNER IGUAL ID
    (27) createDB_dosParam -> . MODE IGUAL ENTERO OWNER ID
    (28) createDB_dosParam -> . MODE IGUAL ENTERO OWNER IGUAL ID

    PTCOMA          shift and go to state 12
    OWNER           shift and go to state 15
    MODE            shift and go to state 16

    createDB_unParam               shift and go to state 13
    createDB_dosParam              shift and go to state 14

state 10

    (7) createDB_insrt -> CREATE DATABASE IF . NOT EXISTS ID PTCOMA
    (11) createDB_insrt -> CREATE DATABASE IF . NOT EXISTS ID createDB_unParam PTCOMA
    (19) createDB_insrt -> CREATE DATABASE IF . NOT EXISTS ID createDB_dosParam PTCOMA

    NOT             shift and go to state 17


state 11

    (6) createDB_insrt -> CREATE OR REPLACE . DATABASE ID PTCOMA
    (8) createDB_insrt -> CREATE OR REPLACE . DATABASE IF NOT EXISTS ID PTCOMA
    (10) createDB_insrt -> CREATE OR REPLACE . DATABASE ID createDB_unParam PTCOMA
    (12) createDB_insrt -> CREATE OR REPLACE . DATABASE IF NOT EXISTS ID createDB_unParam PTCOMA
    (18) createDB_insrt -> CREATE OR REPLACE . DATABASE ID createDB_dosParam PTCOMA
    (20) createDB_insrt -> CREATE OR REPLACE . DATABASE IF NOT EXISTS ID createDB_dosParam PTCOMA

    DATABASE        shift and go to state 18


state 12

    (5) createDB_insrt -> CREATE DATABASE ID PTCOMA .

    CREATE          reduce using rule 5 (createDB_insrt -> CREATE DATABASE ID PTCOMA .)
    $end            reduce using rule 5 (createDB_insrt -> CREATE DATABASE ID PTCOMA .)


state 13

    (9) createDB_insrt -> CREATE DATABASE ID createDB_unParam . PTCOMA

    PTCOMA          shift and go to state 19


state 14

    (17) createDB_insrt -> CREATE DATABASE ID createDB_dosParam . PTCOMA

    PTCOMA          shift and go to state 20


state 15

    (13) createDB_unParam -> OWNER . ID
    (14) createDB_unParam -> OWNER . IGUAL ID
    (21) createDB_dosParam -> OWNER . ID MODE ENTERO
    (22) createDB_dosParam -> OWNER . ID MODE IGUAL ENTERO
    (23) createDB_dosParam -> OWNER . IGUAL ID MODE ENTERO
    (24) createDB_dosParam -> OWNER . IGUAL ID MODE IGUAL ENTERO

    ID              shift and go to state 21
    IGUAL           shift and go to state 22


state 16

    (15) createDB_unParam -> MODE . ENTERO
    (16) createDB_unParam -> MODE . IGUAL ENTERO
    (25) createDB_dosParam -> MODE . ENTERO OWNER ID
    (26) createDB_dosParam -> MODE . ENTERO OWNER IGUAL ID
    (27) createDB_dosParam -> MODE . IGUAL ENTERO OWNER ID
    (28) createDB_dosParam -> MODE . IGUAL ENTERO OWNER IGUAL ID

    ENTERO          shift and go to state 23
    IGUAL           shift and go to state 24


state 17

    (7) createDB_insrt -> CREATE DATABASE IF NOT . EXISTS ID PTCOMA
    (11) createDB_insrt -> CREATE DATABASE IF NOT . EXISTS ID createDB_unParam PTCOMA
    (19) createDB_insrt -> CREATE DATABASE IF NOT . EXISTS ID createDB_dosParam PTCOMA

    EXISTS          shift and go to state 25


state 18

    (6) createDB_insrt -> CREATE OR REPLACE DATABASE . ID PTCOMA
    (8) createDB_insrt -> CREATE OR REPLACE DATABASE . IF NOT EXISTS ID PTCOMA
    (10) createDB_insrt -> CREATE OR REPLACE DATABASE . ID createDB_unParam PTCOMA
    (12) createDB_insrt -> CREATE OR REPLACE DATABASE . IF NOT EXISTS ID createDB_unParam PTCOMA
    (18) createDB_insrt -> CREATE OR REPLACE DATABASE . ID createDB_dosParam PTCOMA
    (20) createDB_insrt -> CREATE OR REPLACE DATABASE . IF NOT EXISTS ID createDB_dosParam PTCOMA

    ID              shift and go to state 26
    IF              shift and go to state 27


state 19

    (9) createDB_insrt -> CREATE DATABASE ID createDB_unParam PTCOMA .

    CREATE          reduce using rule 9 (createDB_insrt -> CREATE DATABASE ID createDB_unParam PTCOMA .)
    $end            reduce using rule 9 (createDB_insrt -> CREATE DATABASE ID createDB_unParam PTCOMA .)


state 20

    (17) createDB_insrt -> CREATE DATABASE ID createDB_dosParam PTCOMA .

    CREATE          reduce using rule 17 (createDB_insrt -> CREATE DATABASE ID createDB_dosParam PTCOMA .)
    $end            reduce using rule 17 (createDB_insrt -> CREATE DATABASE ID createDB_dosParam PTCOMA .)


state 21

    (13) createDB_unParam -> OWNER ID .
    (21) createDB_dosParam -> OWNER ID . MODE ENTERO
    (22) createDB_dosParam -> OWNER ID . MODE IGUAL ENTERO

    PTCOMA          reduce using rule 13 (createDB_unParam -> OWNER ID .)
    MODE            shift and go to state 28


state 22

    (14) createDB_unParam -> OWNER IGUAL . ID
    (23) createDB_dosParam -> OWNER IGUAL . ID MODE ENTERO
    (24) createDB_dosParam -> OWNER IGUAL . ID MODE IGUAL ENTERO

    ID              shift and go to state 29


state 23

    (15) createDB_unParam -> MODE ENTERO .
    (25) createDB_dosParam -> MODE ENTERO . OWNER ID
    (26) createDB_dosParam -> MODE ENTERO . OWNER IGUAL ID

    PTCOMA          reduce using rule 15 (createDB_unParam -> MODE ENTERO .)
    OWNER           shift and go to state 30


state 24

    (16) createDB_unParam -> MODE IGUAL . ENTERO
    (27) createDB_dosParam -> MODE IGUAL . ENTERO OWNER ID
    (28) createDB_dosParam -> MODE IGUAL . ENTERO OWNER IGUAL ID

    ENTERO          shift and go to state 31


state 25

    (7) createDB_insrt -> CREATE DATABASE IF NOT EXISTS . ID PTCOMA
    (11) createDB_insrt -> CREATE DATABASE IF NOT EXISTS . ID createDB_unParam PTCOMA
    (19) createDB_insrt -> CREATE DATABASE IF NOT EXISTS . ID createDB_dosParam PTCOMA

    ID              shift and go to state 32


state 26

    (6) createDB_insrt -> CREATE OR REPLACE DATABASE ID . PTCOMA
    (10) createDB_insrt -> CREATE OR REPLACE DATABASE ID . createDB_unParam PTCOMA
    (18) createDB_insrt -> CREATE OR REPLACE DATABASE ID . createDB_dosParam PTCOMA
    (13) createDB_unParam -> . OWNER ID
    (14) createDB_unParam -> . OWNER IGUAL ID
    (15) createDB_unParam -> . MODE ENTERO
    (16) createDB_unParam -> . MODE IGUAL ENTERO
    (21) createDB_dosParam -> . OWNER ID MODE ENTERO
    (22) createDB_dosParam -> . OWNER ID MODE IGUAL ENTERO
    (23) createDB_dosParam -> . OWNER IGUAL ID MODE ENTERO
    (24) createDB_dosParam -> . OWNER IGUAL ID MODE IGUAL ENTERO
    (25) createDB_dosParam -> . MODE ENTERO OWNER ID
    (26) createDB_dosParam -> . MODE ENTERO OWNER IGUAL ID
    (27) createDB_dosParam -> . MODE IGUAL ENTERO OWNER ID
    (28) createDB_dosParam -> . MODE IGUAL ENTERO OWNER IGUAL ID

    PTCOMA          shift and go to state 33
    OWNER           shift and go to state 15
    MODE            shift and go to state 16

    createDB_unParam               shift and go to state 34
    createDB_dosParam              shift and go to state 35

state 27

    (8) createDB_insrt -> CREATE OR REPLACE DATABASE IF . NOT EXISTS ID PTCOMA
    (12) createDB_insrt -> CREATE OR REPLACE DATABASE IF . NOT EXISTS ID createDB_unParam PTCOMA
    (20) createDB_insrt -> CREATE OR REPLACE DATABASE IF . NOT EXISTS ID createDB_dosParam PTCOMA

    NOT             shift and go to state 36


state 28

    (21) createDB_dosParam -> OWNER ID MODE . ENTERO
    (22) createDB_dosParam -> OWNER ID MODE . IGUAL ENTERO

    ENTERO          shift and go to state 37
    IGUAL           shift and go to state 38


state 29

    (14) createDB_unParam -> OWNER IGUAL ID .
    (23) createDB_dosParam -> OWNER IGUAL ID . MODE ENTERO
    (24) createDB_dosParam -> OWNER IGUAL ID . MODE IGUAL ENTERO

    PTCOMA          reduce using rule 14 (createDB_unParam -> OWNER IGUAL ID .)
    MODE            shift and go to state 39


state 30

    (25) createDB_dosParam -> MODE ENTERO OWNER . ID
    (26) createDB_dosParam -> MODE ENTERO OWNER . IGUAL ID

    ID              shift and go to state 40
    IGUAL           shift and go to state 41


state 31

    (16) createDB_unParam -> MODE IGUAL ENTERO .
    (27) createDB_dosParam -> MODE IGUAL ENTERO . OWNER ID
    (28) createDB_dosParam -> MODE IGUAL ENTERO . OWNER IGUAL ID

    PTCOMA          reduce using rule 16 (createDB_unParam -> MODE IGUAL ENTERO .)
    OWNER           shift and go to state 42


state 32

    (7) createDB_insrt -> CREATE DATABASE IF NOT EXISTS ID . PTCOMA
    (11) createDB_insrt -> CREATE DATABASE IF NOT EXISTS ID . createDB_unParam PTCOMA
    (19) createDB_insrt -> CREATE DATABASE IF NOT EXISTS ID . createDB_dosParam PTCOMA
    (13) createDB_unParam -> . OWNER ID
    (14) createDB_unParam -> . OWNER IGUAL ID
    (15) createDB_unParam -> . MODE ENTERO
    (16) createDB_unParam -> . MODE IGUAL ENTERO
    (21) createDB_dosParam -> . OWNER ID MODE ENTERO
    (22) createDB_dosParam -> . OWNER ID MODE IGUAL ENTERO
    (23) createDB_dosParam -> . OWNER IGUAL ID MODE ENTERO
    (24) createDB_dosParam -> . OWNER IGUAL ID MODE IGUAL ENTERO
    (25) createDB_dosParam -> . MODE ENTERO OWNER ID
    (26) createDB_dosParam -> . MODE ENTERO OWNER IGUAL ID
    (27) createDB_dosParam -> . MODE IGUAL ENTERO OWNER ID
    (28) createDB_dosParam -> . MODE IGUAL ENTERO OWNER IGUAL ID

    PTCOMA          shift and go to state 43
    OWNER           shift and go to state 15
    MODE            shift and go to state 16

    createDB_unParam               shift and go to state 44
    createDB_dosParam              shift and go to state 45

state 33

    (6) createDB_insrt -> CREATE OR REPLACE DATABASE ID PTCOMA .

    CREATE          reduce using rule 6 (createDB_insrt -> CREATE OR REPLACE DATABASE ID PTCOMA .)
    $end            reduce using rule 6 (createDB_insrt -> CREATE OR REPLACE DATABASE ID PTCOMA .)


state 34

    (10) createDB_insrt -> CREATE OR REPLACE DATABASE ID createDB_unParam . PTCOMA

    PTCOMA          shift and go to state 46


state 35

    (18) createDB_insrt -> CREATE OR REPLACE DATABASE ID createDB_dosParam . PTCOMA

    PTCOMA          shift and go to state 47


state 36

    (8) createDB_insrt -> CREATE OR REPLACE DATABASE IF NOT . EXISTS ID PTCOMA
    (12) createDB_insrt -> CREATE OR REPLACE DATABASE IF NOT . EXISTS ID createDB_unParam PTCOMA
    (20) createDB_insrt -> CREATE OR REPLACE DATABASE IF NOT . EXISTS ID createDB_dosParam PTCOMA

    EXISTS          shift and go to state 48


state 37

    (21) createDB_dosParam -> OWNER ID MODE ENTERO .

    PTCOMA          reduce using rule 21 (createDB_dosParam -> OWNER ID MODE ENTERO .)


state 38

    (22) createDB_dosParam -> OWNER ID MODE IGUAL . ENTERO

    ENTERO          shift and go to state 49


state 39

    (23) createDB_dosParam -> OWNER IGUAL ID MODE . ENTERO
    (24) createDB_dosParam -> OWNER IGUAL ID MODE . IGUAL ENTERO

    ENTERO          shift and go to state 51
    IGUAL           shift and go to state 50


state 40

    (25) createDB_dosParam -> MODE ENTERO OWNER ID .

    PTCOMA          reduce using rule 25 (createDB_dosParam -> MODE ENTERO OWNER ID .)


state 41

    (26) createDB_dosParam -> MODE ENTERO OWNER IGUAL . ID

    ID              shift and go to state 52


state 42

    (27) createDB_dosParam -> MODE IGUAL ENTERO OWNER . ID
    (28) createDB_dosParam -> MODE IGUAL ENTERO OWNER . IGUAL ID

    ID              shift and go to state 54
    IGUAL           shift and go to state 53


state 43

    (7) createDB_insrt -> CREATE DATABASE IF NOT EXISTS ID PTCOMA .

    CREATE          reduce using rule 7 (createDB_insrt -> CREATE DATABASE IF NOT EXISTS ID PTCOMA .)
    $end            reduce using rule 7 (createDB_insrt -> CREATE DATABASE IF NOT EXISTS ID PTCOMA .)


state 44

    (11) createDB_insrt -> CREATE DATABASE IF NOT EXISTS ID createDB_unParam . PTCOMA

    PTCOMA          shift and go to state 55


state 45

    (19) createDB_insrt -> CREATE DATABASE IF NOT EXISTS ID createDB_dosParam . PTCOMA

    PTCOMA          shift and go to state 56


state 46

    (10) createDB_insrt -> CREATE OR REPLACE DATABASE ID createDB_unParam PTCOMA .

    CREATE          reduce using rule 10 (createDB_insrt -> CREATE OR REPLACE DATABASE ID createDB_unParam PTCOMA .)
    $end            reduce using rule 10 (createDB_insrt -> CREATE OR REPLACE DATABASE ID createDB_unParam PTCOMA .)


state 47

    (18) createDB_insrt -> CREATE OR REPLACE DATABASE ID createDB_dosParam PTCOMA .

    CREATE          reduce using rule 18 (createDB_insrt -> CREATE OR REPLACE DATABASE ID createDB_dosParam PTCOMA .)
    $end            reduce using rule 18 (createDB_insrt -> CREATE OR REPLACE DATABASE ID createDB_dosParam PTCOMA .)


state 48

    (8) createDB_insrt -> CREATE OR REPLACE DATABASE IF NOT EXISTS . ID PTCOMA
    (12) createDB_insrt -> CREATE OR REPLACE DATABASE IF NOT EXISTS . ID createDB_unParam PTCOMA
    (20) createDB_insrt -> CREATE OR REPLACE DATABASE IF NOT EXISTS . ID createDB_dosParam PTCOMA

    ID              shift and go to state 57


state 49

    (22) createDB_dosParam -> OWNER ID MODE IGUAL ENTERO .

    PTCOMA          reduce using rule 22 (createDB_dosParam -> OWNER ID MODE IGUAL ENTERO .)


state 50

    (24) createDB_dosParam -> OWNER IGUAL ID MODE IGUAL . ENTERO

    ENTERO          shift and go to state 58


state 51

    (23) createDB_dosParam -> OWNER IGUAL ID MODE ENTERO .

    PTCOMA          reduce using rule 23 (createDB_dosParam -> OWNER IGUAL ID MODE ENTERO .)


state 52

    (26) createDB_dosParam -> MODE ENTERO OWNER IGUAL ID .

    PTCOMA          reduce using rule 26 (createDB_dosParam -> MODE ENTERO OWNER IGUAL ID .)


state 53

    (28) createDB_dosParam -> MODE IGUAL ENTERO OWNER IGUAL . ID

    ID              shift and go to state 59


state 54

    (27) createDB_dosParam -> MODE IGUAL ENTERO OWNER ID .

    PTCOMA          reduce using rule 27 (createDB_dosParam -> MODE IGUAL ENTERO OWNER ID .)


state 55

    (11) createDB_insrt -> CREATE DATABASE IF NOT EXISTS ID createDB_unParam PTCOMA .

    CREATE          reduce using rule 11 (createDB_insrt -> CREATE DATABASE IF NOT EXISTS ID createDB_unParam PTCOMA .)
    $end            reduce using rule 11 (createDB_insrt -> CREATE DATABASE IF NOT EXISTS ID createDB_unParam PTCOMA .)


state 56

    (19) createDB_insrt -> CREATE DATABASE IF NOT EXISTS ID createDB_dosParam PTCOMA .

    CREATE          reduce using rule 19 (createDB_insrt -> CREATE DATABASE IF NOT EXISTS ID createDB_dosParam PTCOMA .)
    $end            reduce using rule 19 (createDB_insrt -> CREATE DATABASE IF NOT EXISTS ID createDB_dosParam PTCOMA .)


state 57

    (8) createDB_insrt -> CREATE OR REPLACE DATABASE IF NOT EXISTS ID . PTCOMA
    (12) createDB_insrt -> CREATE OR REPLACE DATABASE IF NOT EXISTS ID . createDB_unParam PTCOMA
    (20) createDB_insrt -> CREATE OR REPLACE DATABASE IF NOT EXISTS ID . createDB_dosParam PTCOMA
    (13) createDB_unParam -> . OWNER ID
    (14) createDB_unParam -> . OWNER IGUAL ID
    (15) createDB_unParam -> . MODE ENTERO
    (16) createDB_unParam -> . MODE IGUAL ENTERO
    (21) createDB_dosParam -> . OWNER ID MODE ENTERO
    (22) createDB_dosParam -> . OWNER ID MODE IGUAL ENTERO
    (23) createDB_dosParam -> . OWNER IGUAL ID MODE ENTERO
    (24) createDB_dosParam -> . OWNER IGUAL ID MODE IGUAL ENTERO
    (25) createDB_dosParam -> . MODE ENTERO OWNER ID
    (26) createDB_dosParam -> . MODE ENTERO OWNER IGUAL ID
    (27) createDB_dosParam -> . MODE IGUAL ENTERO OWNER ID
    (28) createDB_dosParam -> . MODE IGUAL ENTERO OWNER IGUAL ID

    PTCOMA          shift and go to state 60
    OWNER           shift and go to state 15
    MODE            shift and go to state 16

    createDB_unParam               shift and go to state 61
    createDB_dosParam              shift and go to state 62

state 58

    (24) createDB_dosParam -> OWNER IGUAL ID MODE IGUAL ENTERO .

    PTCOMA          reduce using rule 24 (createDB_dosParam -> OWNER IGUAL ID MODE IGUAL ENTERO .)


state 59

    (28) createDB_dosParam -> MODE IGUAL ENTERO OWNER IGUAL ID .

    PTCOMA          reduce using rule 28 (createDB_dosParam -> MODE IGUAL ENTERO OWNER IGUAL ID .)


state 60

    (8) createDB_insrt -> CREATE OR REPLACE DATABASE IF NOT EXISTS ID PTCOMA .

    CREATE          reduce using rule 8 (createDB_insrt -> CREATE OR REPLACE DATABASE IF NOT EXISTS ID PTCOMA .)
    $end            reduce using rule 8 (createDB_insrt -> CREATE OR REPLACE DATABASE IF NOT EXISTS ID PTCOMA .)


state 61

    (12) createDB_insrt -> CREATE OR REPLACE DATABASE IF NOT EXISTS ID createDB_unParam . PTCOMA

    PTCOMA          shift and go to state 63


state 62

    (20) createDB_insrt -> CREATE OR REPLACE DATABASE IF NOT EXISTS ID createDB_dosParam . PTCOMA

    PTCOMA          shift and go to state 64


state 63

    (12) createDB_insrt -> CREATE OR REPLACE DATABASE IF NOT EXISTS ID createDB_unParam PTCOMA .

    CREATE          reduce using rule 12 (createDB_insrt -> CREATE OR REPLACE DATABASE IF NOT EXISTS ID createDB_unParam PTCOMA .)
    $end            reduce using rule 12 (createDB_insrt -> CREATE OR REPLACE DATABASE IF NOT EXISTS ID createDB_unParam PTCOMA .)


state 64

    (20) createDB_insrt -> CREATE OR REPLACE DATABASE IF NOT EXISTS ID createDB_dosParam PTCOMA .

    CREATE          reduce using rule 20 (createDB_insrt -> CREATE OR REPLACE DATABASE IF NOT EXISTS ID createDB_dosParam PTCOMA .)
    $end            reduce using rule 20 (createDB_insrt -> CREATE OR REPLACE DATABASE IF NOT EXISTS ID createDB_dosParam PTCOMA .)

