Created by PLY version 3.11 (http://www.dabeaz.com/ply)

Unused terminals:

    ARRAY
    CHAR
    FLOAT
    INT
    MENORIGUAL

Grammar

Rule 0     S' -> init
Rule 1     init -> instrucciones
Rule 2     instrucciones -> instrucciones instruccion
Rule 3     instrucciones -> instruccion
Rule 4     instruccion -> decla_main
Rule 5     instruccion -> decla_etiqueta
Rule 6     decla_main -> MAIN DOSPUNTOS instrucciones_etiqueta
Rule 7     decla_etiqueta -> ID DOSPUNTOS instrucciones_etiqueta
Rule 8     instrucciones_etiqueta -> instrucciones_etiqueta instruccion_etiqueta
Rule 9     instrucciones_etiqueta -> instruccion_etiqueta
Rule 10    instruccion_etiqueta -> decla_goto
Rule 11    instruccion_etiqueta -> decla_print
Rule 12    instruccion_etiqueta -> decla_unset
Rule 13    instruccion_etiqueta -> decla_exit
Rule 14    instruccion_etiqueta -> decla_if
Rule 15    instruccion_etiqueta -> decla_ra
Rule 16    instruccion_etiqueta -> decla_sp
Rule 17    instruccion_etiqueta -> decla_asignacion
Rule 18    decla_goto -> GOTO ID PTCOMA
Rule 19    decla_print -> PRINT PARIZQ decla_expresion PARDER PTCOMA
Rule 20    decla_unset -> UNSET PARIZQ decla_expresion PARDER PTCOMA
Rule 21    decla_exit -> EXIT PTCOMA
Rule 22    decla_if -> IF PARIZQ decla_expresion PARDER decla_expresion PTCOMA
Rule 23    decla_ra -> RA IGUAL decla_expresion PTCOMA
Rule 24    decla_sp -> SP IGUAL decla_expresion PTCOMA
Rule 25    decla_asignacion -> decla_tempo
Rule 26    decla_asignacion -> decla_parama
Rule 27    decla_asignacion -> decla_devolv
Rule 28    decla_asignacion -> decla_pila
Rule 29    decla_tempo -> TEMPO decla_vector decla_expresion PTCOMA
Rule 30    decla_param -> PARAMA decla_vector decla_expresion PTCOMA
Rule 31    decla_devolv -> DEVOLV decla_vector decla_expresion PTCOMA
Rule 32    decla_pila -> PILA decla_vector decla_expresion PTCOMA
Rule 33    decla_vector -> IGUAL
Rule 34    decla_vector -> decla_array IGUAL
Rule 35    decla_expresion -> NOT decla_relacional
Rule 36    decla_expresion -> decla_expresion AND decla_relacional
Rule 37    decla_expresion -> decla_expresion OR decla_relacional
Rule 38    decla_expresion -> decla_expresion XOR decla_relacional
Rule 39    decla_expresion -> decla_expresion IZQUIERDA decla_relacional
Rule 40    decla_expresion -> decla_expresion DERECHA decla_relacional
Rule 41    decla_expresion -> decla_relacional
Rule 42    decla_relacional -> decla_relacional IGUALQUE decla_aritmetica
Rule 43    decla_relacional -> decla_relacional NOIGUAL decla_aritmetica
Rule 44    decla_relacional -> decla_relacional MAYORIGUAL decla_aritmetica
Rule 45    decla_relacional -> decla_relacional MENORQUE decla_aritmetica
Rule 46    decla_relacional -> decla_relacional MAYORQUE decla_aritmetica
Rule 47    decla_relacional -> decla_relacional LAND decla_aritmetica
Rule 48    decla_relacional -> decla_relacional LOR decla_aritmetica
Rule 49    decla_relacional -> decla_aritmetica
Rule 50    decla_aritmetica -> decla_aritmetica MULT decla_aritmetica2
Rule 51    decla_aritmetica -> decla_aritmetica DIV decla_aritmetica2
Rule 52    decla_aritmetica -> decla_aritmetica MODULO decla_aritmetica2
Rule 53    decla_aritmetica -> decla_aritmetica2
Rule 54    decla_aritmetica2 -> decla_aritmetica2 MAS decla_condicional
Rule 55    decla_aritmetica2 -> decla_aritmetica2 MENOS decla_condicional
Rule 56    decla_aritmetica2 -> decla_condicional
Rule 57    decla_condicional -> ABS PARIZQ decla_expresion PARDER
Rule 58    decla_condicional -> PARIZQ decla_conver PARDER decla_expresion
Rule 59    decla_condicional -> NEGAR decla_expresion
Rule 60    decla_condicional -> decla_valor
Rule 61    decla_valor -> ENTERO
Rule 62    decla_valor -> ID
Rule 63    decla_valor -> decla_vartempo
Rule 64    decla_valor -> decla_varparama
Rule 65    decla_valor -> decla_vardevolv
Rule 66    decla_valor -> decla_varpila
Rule 67    decla_valor -> CADENA
Rule 68    decla_valor -> CADENA2
Rule 69    decla_valor -> PARIZQ decla_expresion PARDER
Rule 70    decla_valor -> READ PARIZQ PARDER
Rule 71    decla_vartempo -> TEMPO
Rule 72    decla_vartempo -> TEMPO decla_array
Rule 73    decla_varparama -> PARAMA
Rule 74    decla_varparama -> PARAMA decla_array
Rule 75    decla_vardevolv -> DEVOLV
Rule 76    decla_vardevolv -> DEVOLV decla_array
Rule 77    decla_varpila -> PILA
Rule 78    decla_varpila -> PILA decla_array
Rule 79    decla_array -> decla_array decla_arr
Rule 80    decla_array -> decla_arr
Rule 81    decla_arr -> CORCHEA decla_expresion CORCHEC

Terminals, with rules where they appear

ABS                  : 57
AND                  : 36
ARRAY                : 
CHAR                 : 
CORCHEA              : 81
CORCHEC              : 81
DERECHA              : 40
DIV                  : 51
DOSPUNTOS            : 6 7
EXIT                 : 21
FLOAT                : 
GOTO                 : 18
IF                   : 22
IGUAL                : 23 24 33 34
IGUALQUE             : 42
INT                  : 
IZQUIERDA            : 39
LAND                 : 47
LOR                  : 48
MAIN                 : 6
MAS                  : 54
MAYORIGUAL           : 44
MAYORQUE             : 46
MENORIGUAL           : 
MENORQUE             : 45
MENOS                : 55
MODULO               : 52
MULT                 : 50
NEGAR                : 59
NOIGUAL              : 43
NOT                  : 35
OR                   : 37
PARDER               : 19 20 22 57 58 69 70
PARIZQ               : 19 20 22 57 58 69 70
PRINT                : 19
PTCOMA               : 18 19 20 21 22 23 24 29 30 31 32
RA                   : 23
READ                 : 70
SP                   : 24
UNSET                : 20
XOR                  : 38
error                : 

Nonterminals, with rules where they appear

CADENA               : 67
CADENA2              : 68
DEVOLV               : 31 75 76
ENTERO               : 61
ID                   : 7 18 62
PARAMA               : 30 73 74
PILA                 : 32 77 78
TEMPO                : 29 71 72
decla_aritmetica     : 42 43 44 45 46 47 48 49 50 51 52
decla_aritmetica2    : 50 51 52 53 54 55
decla_arr            : 79 80
decla_array          : 34 72 74 76 78 79
decla_asignacion     : 17
decla_condicional    : 54 55 56
decla_conver         : 58
decla_devolv         : 27
decla_etiqueta       : 5
decla_exit           : 13
decla_expresion      : 19 20 22 22 23 24 29 30 31 32 36 37 38 39 40 57 58 59 69 81
decla_goto           : 10
decla_if             : 14
decla_main           : 4
decla_param          : 
decla_parama         : 26
decla_pila           : 28
decla_print          : 11
decla_ra             : 15
decla_relacional     : 35 36 37 38 39 40 41 42 43 44 45 46 47 48
decla_sp             : 16
decla_tempo          : 25
decla_unset          : 12
decla_valor          : 60
decla_vardevolv      : 65
decla_varparama      : 64
decla_varpila        : 66
decla_vartempo       : 63
decla_vector         : 29 30 31 32
init                 : 0
instruccion          : 2 3
instruccion_etiqueta : 8 9
instrucciones        : 1 2
instrucciones_etiqueta : 6 7 8

